06 27, 2021 17:20:55 下午 cn.lovecamille.fakertomcat.Bootstrap logJVM
INFO : Server Version:		FakerTomcat/1.0.0
06 27, 2021 17:20:55 下午 cn.lovecamille.fakertomcat.Bootstrap logJVM
INFO : Server built:		2021-06-27 17:10:47
06 27, 2021 17:20:55 下午 cn.lovecamille.fakertomcat.Bootstrap logJVM
INFO : Server number:		1.0.0
06 27, 2021 17:20:55 下午 cn.lovecamille.fakertomcat.Bootstrap logJVM
INFO : OS Name	:		Mac OS X
06 27, 2021 17:20:55 下午 cn.lovecamille.fakertomcat.Bootstrap logJVM
INFO : OS Version:		11.4
06 27, 2021 17:20:55 下午 cn.lovecamille.fakertomcat.Bootstrap logJVM
INFO : Architecture:		x86_64
06 27, 2021 17:20:55 下午 cn.lovecamille.fakertomcat.Bootstrap logJVM
INFO : Java Home:		/Users/wuyan/Library/Java/JavaVirtualMachines/openjdk-16.0.1/Contents/Home
06 27, 2021 17:20:55 下午 cn.lovecamille.fakertomcat.Bootstrap logJVM
INFO : JVM Version:		16.0.1+9-24
06 27, 2021 17:20:55 下午 cn.lovecamille.fakertomcat.Bootstrap logJVM
INFO : JVM Vendor:		Oracle Corporation
06 27, 2021 17:39:25 下午 cn.lovecamille.fakertomcat.Bootstrap logJVM
INFO : Server Version:		FakerTomcat/1.0.0
06 27, 2021 17:39:25 下午 cn.lovecamille.fakertomcat.Bootstrap logJVM
INFO : Server built:		2021-06-27 17:10:47
06 27, 2021 17:39:25 下午 cn.lovecamille.fakertomcat.Bootstrap logJVM
INFO : Server number:		1.0.0
06 27, 2021 17:39:25 下午 cn.lovecamille.fakertomcat.Bootstrap logJVM
INFO : OS Name	:		Mac OS X
06 27, 2021 17:39:25 下午 cn.lovecamille.fakertomcat.Bootstrap logJVM
INFO : OS Version:		11.4
06 27, 2021 17:39:25 下午 cn.lovecamille.fakertomcat.Bootstrap logJVM
INFO : Architecture:		x86_64
06 27, 2021 17:39:25 下午 cn.lovecamille.fakertomcat.Bootstrap logJVM
INFO : Java Home:		/Users/wuyan/Library/Java/JavaVirtualMachines/openjdk-16.0.1/Contents/Home
06 27, 2021 17:39:25 下午 cn.lovecamille.fakertomcat.Bootstrap logJVM
INFO : JVM Version:		16.0.1+9-24
06 27, 2021 17:39:25 下午 cn.lovecamille.fakertomcat.Bootstrap logJVM
INFO : JVM Vendor:		Oracle Corporation
06 27, 2021 17:51:05 下午 cn.lovecamille.fakertomcat.Bootstrap logJVM
INFO : Server Version:		FakerTomcat/1.0.0
06 27, 2021 17:51:05 下午 cn.lovecamille.fakertomcat.Bootstrap logJVM
INFO : Server built:		2021-06-27 17:10:47
06 27, 2021 17:51:05 下午 cn.lovecamille.fakertomcat.Bootstrap logJVM
INFO : Server number:		1.0.0
06 27, 2021 17:51:05 下午 cn.lovecamille.fakertomcat.Bootstrap logJVM
INFO : OS Name	:		Mac OS X
06 27, 2021 17:51:05 下午 cn.lovecamille.fakertomcat.Bootstrap logJVM
INFO : OS Version:		11.4
06 27, 2021 17:51:05 下午 cn.lovecamille.fakertomcat.Bootstrap logJVM
INFO : Architecture:		x86_64
06 27, 2021 17:51:05 下午 cn.lovecamille.fakertomcat.Bootstrap logJVM
INFO : Java Home:		/Users/wuyan/Library/Java/JavaVirtualMachines/openjdk-16.0.1/Contents/Home
06 27, 2021 17:51:05 下午 cn.lovecamille.fakertomcat.Bootstrap logJVM
INFO : JVM Version:		16.0.1+9-24
06 27, 2021 17:51:05 下午 cn.lovecamille.fakertomcat.Bootstrap logJVM
INFO : JVM Vendor:		Oracle Corporation
06 27, 2021 17:52:32 下午 cn.lovecamille.fakertomcat.Bootstrap logJVM
INFO : Server Version:		FakerTomcat/1.0.0
06 27, 2021 17:52:32 下午 cn.lovecamille.fakertomcat.Bootstrap logJVM
INFO : Server built:		2021-06-27 17:10:47
06 27, 2021 17:52:32 下午 cn.lovecamille.fakertomcat.Bootstrap logJVM
INFO : Server number:		1.0.0
06 27, 2021 17:52:32 下午 cn.lovecamille.fakertomcat.Bootstrap logJVM
INFO : OS Name	:		Mac OS X
06 27, 2021 17:52:32 下午 cn.lovecamille.fakertomcat.Bootstrap logJVM
INFO : OS Version:		11.4
06 27, 2021 17:52:32 下午 cn.lovecamille.fakertomcat.Bootstrap logJVM
INFO : Architecture:		x86_64
06 27, 2021 17:52:32 下午 cn.lovecamille.fakertomcat.Bootstrap logJVM
INFO : Java Home:		/Users/wuyan/Library/Java/JavaVirtualMachines/openjdk-16.0.1/Contents/Home
06 27, 2021 17:52:32 下午 cn.lovecamille.fakertomcat.Bootstrap logJVM
INFO : JVM Version:		16.0.1+9-24
06 27, 2021 17:52:32 下午 cn.lovecamille.fakertomcat.Bootstrap logJVM
INFO : JVM Vendor:		Oracle Corporation
06 27, 2021 18:03:09 下午 cn.lovecamille.fakertomcat.Bootstrap logJVM
INFO : Server Version:		FakerTomcat/1.0.0
06 27, 2021 18:03:09 下午 cn.lovecamille.fakertomcat.Bootstrap logJVM
INFO : Server built:		2021-06-27 17:10:47
06 27, 2021 18:03:09 下午 cn.lovecamille.fakertomcat.Bootstrap logJVM
INFO : Server number:		1.0.0
06 27, 2021 18:03:09 下午 cn.lovecamille.fakertomcat.Bootstrap logJVM
INFO : OS Name	:		Mac OS X
06 27, 2021 18:03:09 下午 cn.lovecamille.fakertomcat.Bootstrap logJVM
INFO : OS Version:		11.4
06 27, 2021 18:03:09 下午 cn.lovecamille.fakertomcat.Bootstrap logJVM
INFO : Architecture:		x86_64
06 27, 2021 18:03:09 下午 cn.lovecamille.fakertomcat.Bootstrap logJVM
INFO : Java Home:		/Users/wuyan/Library/Java/JavaVirtualMachines/openjdk-16.0.1/Contents/Home
06 27, 2021 18:03:09 下午 cn.lovecamille.fakertomcat.Bootstrap logJVM
INFO : JVM Version:		16.0.1+9-24
06 27, 2021 18:03:09 下午 cn.lovecamille.fakertomcat.Bootstrap logJVM
INFO : JVM Vendor:		Oracle Corporation
06 27, 2021 23:24:06 下午 cn.lovecamille.fakertomcat.Bootstrap logJVM
INFO : Server Version:		FakerTomcat/1.0.0
06 27, 2021 23:24:06 下午 cn.lovecamille.fakertomcat.Bootstrap logJVM
INFO : Server built:		2021-06-27 17:10:47
06 27, 2021 23:24:06 下午 cn.lovecamille.fakertomcat.Bootstrap logJVM
INFO : Server number:		1.0.0
06 27, 2021 23:24:06 下午 cn.lovecamille.fakertomcat.Bootstrap logJVM
INFO : OS Name	:		Mac OS X
06 27, 2021 23:24:06 下午 cn.lovecamille.fakertomcat.Bootstrap logJVM
INFO : OS Version:		11.4
06 27, 2021 23:24:06 下午 cn.lovecamille.fakertomcat.Bootstrap logJVM
INFO : Architecture:		x86_64
06 27, 2021 23:24:06 下午 cn.lovecamille.fakertomcat.Bootstrap logJVM
INFO : Java Home:		/Users/wuyan/Library/Java/JavaVirtualMachines/openjdk-16.0.1/Contents/Home
06 27, 2021 23:24:06 下午 cn.lovecamille.fakertomcat.Bootstrap logJVM
INFO : JVM Version:		16.0.1+9-24
06 27, 2021 23:24:06 下午 cn.lovecamille.fakertomcat.Bootstrap logJVM
INFO : JVM Vendor:		Oracle Corporation
