07 02, 2021 00:03:11 上午 cn.lovecamille.fakertomcat.catalina.Context <init>
INFO : Deploying web application directory /Users/wuyan/IdeaProjects/FakerTomcat/webapps/ROOT
07 02, 2021 00:03:11 上午 cn.lovecamille.fakertomcat.catalina.Context <init>
INFO : Deployment of web application directory /Users/wuyan/IdeaProjects/FakerTomcat/webapps/ROOT has finished in 89 ms
07 02, 2021 00:03:11 上午 cn.lovecamille.fakertomcat.catalina.Context <init>
INFO : Deploying web application directory /Users/wuyan/IdeaProjects/FakerTomcat/webapps/index
07 02, 2021 00:03:11 上午 cn.lovecamille.fakertomcat.catalina.Context <init>
INFO : Deployment of web application directory /Users/wuyan/IdeaProjects/FakerTomcat/webapps/index has finished in 1 ms
07 02, 2021 00:03:11 上午 cn.lovecamille.fakertomcat.catalina.Context <init>
INFO : Deploying web application directory /Users/wuyan/IdeaProjects/FakerTomcat/b
07 02, 2021 00:03:11 上午 cn.lovecamille.fakertomcat.catalina.Context <init>
INFO : Deployment of web application directory /Users/wuyan/IdeaProjects/FakerTomcat/b has finished in 1 ms
07 02, 2021 00:03:11 上午 cn.lovecamille.fakertomcat.catalina.Server logJVM
INFO : Server Version:		FakerTomcat/1.0.0
07 02, 2021 00:03:11 上午 cn.lovecamille.fakertomcat.catalina.Server logJVM
INFO : Server built:		2021-06-27 17:10:47
07 02, 2021 00:03:11 上午 cn.lovecamille.fakertomcat.catalina.Server logJVM
INFO : Server number:		1.0.0
07 02, 2021 00:03:11 上午 cn.lovecamille.fakertomcat.catalina.Server logJVM
INFO : OS Name	:		Mac OS X
07 02, 2021 00:03:11 上午 cn.lovecamille.fakertomcat.catalina.Server logJVM
INFO : OS Version:		11.4
07 02, 2021 00:03:11 上午 cn.lovecamille.fakertomcat.catalina.Server logJVM
INFO : Architecture:		x86_64
07 02, 2021 00:03:11 上午 cn.lovecamille.fakertomcat.catalina.Server logJVM
INFO : Java Home:		/Users/wuyan/Library/Java/JavaVirtualMachines/openjdk-16.0.1/Contents/Home
07 02, 2021 00:03:11 上午 cn.lovecamille.fakertomcat.catalina.Server logJVM
INFO : JVM Version:		16.0.1+9-24
07 02, 2021 00:03:11 上午 cn.lovecamille.fakertomcat.catalina.Server logJVM
INFO : JVM Vendor:		Oracle Corporation
07 02, 2021 00:12:33 上午 cn.lovecamille.fakertomcat.catalina.Context <init>
INFO : Deploying web application directory /Users/wuyan/IdeaProjects/FakerTomcat/webapps/ROOT
07 02, 2021 00:12:33 上午 cn.lovecamille.fakertomcat.catalina.Context <init>
INFO : Deployment of web application directory /Users/wuyan/IdeaProjects/FakerTomcat/webapps/ROOT has finished in 88 ms
07 02, 2021 00:12:33 上午 cn.lovecamille.fakertomcat.catalina.Context <init>
INFO : Deploying web application directory /Users/wuyan/IdeaProjects/FakerTomcat/webapps/index
07 02, 2021 00:12:33 上午 cn.lovecamille.fakertomcat.catalina.Context <init>
INFO : Deployment of web application directory /Users/wuyan/IdeaProjects/FakerTomcat/webapps/index has finished in 0 ms
07 02, 2021 00:12:33 上午 cn.lovecamille.fakertomcat.catalina.Context <init>
INFO : Deploying web application directory /Users/wuyan/IdeaProjects/FakerTomcat/b
07 02, 2021 00:12:33 上午 cn.lovecamille.fakertomcat.catalina.Context <init>
INFO : Deployment of web application directory /Users/wuyan/IdeaProjects/FakerTomcat/b has finished in 0 ms
07 02, 2021 00:12:33 上午 cn.lovecamille.fakertomcat.catalina.Server logJVM
INFO : Server Version:		FakerTomcat/1.0.0
07 02, 2021 00:12:33 上午 cn.lovecamille.fakertomcat.catalina.Server logJVM
INFO : Server built:		2021-06-27 17:10:47
07 02, 2021 00:12:33 上午 cn.lovecamille.fakertomcat.catalina.Server logJVM
INFO : Server number:		1.0.0
07 02, 2021 00:12:33 上午 cn.lovecamille.fakertomcat.catalina.Server logJVM
INFO : OS Name	:		Mac OS X
07 02, 2021 00:12:33 上午 cn.lovecamille.fakertomcat.catalina.Server logJVM
INFO : OS Version:		11.4
07 02, 2021 00:12:33 上午 cn.lovecamille.fakertomcat.catalina.Server logJVM
INFO : Architecture:		x86_64
07 02, 2021 00:12:33 上午 cn.lovecamille.fakertomcat.catalina.Server logJVM
INFO : Java Home:		/Users/wuyan/Library/Java/JavaVirtualMachines/openjdk-16.0.1/Contents/Home
07 02, 2021 00:12:33 上午 cn.lovecamille.fakertomcat.catalina.Server logJVM
INFO : JVM Version:		16.0.1+9-24
07 02, 2021 00:12:33 上午 cn.lovecamille.fakertomcat.catalina.Server logJVM
INFO : JVM Vendor:		Oracle Corporation
