07 15, 2021 00:02:36 ‰∏äÂçà cn.lovecamille.fakertomcat.catalina.Context deploy
INFO : Deploying web application directory D:\ideaProjects\FakerTomcat\webapps\index
07 15, 2021 00:02:36 ‰∏äÂçà cn.lovecamille.fakertomcat.catalina.Context deploy
INFO : Deployment of web application directory D:\ideaProjects\FakerTomcat\webapps\index has finished in 112 ms
07 15, 2021 00:02:36 ‰∏äÂçà cn.lovecamille.fakertomcat.catalina.Context deploy
INFO : Deploying web application directory D:\ideaProjects\FakerTomcat\webapps\j2ee
07 15, 2021 00:02:36 ‰∏äÂçà cn.lovecamille.fakertomcat.catalina.Context deploy
INFO : Deployment of web application directory D:\ideaProjects\FakerTomcat\webapps\j2ee has finished in 3 ms
07 15, 2021 00:02:36 ‰∏äÂçà cn.lovecamille.fakertomcat.catalina.Context deploy
INFO : Deploying web application directory D:\ideaProjects\FakerTomcat\webapps\ROOT
07 15, 2021 00:02:36 ‰∏äÂçà cn.lovecamille.fakertomcat.catalina.Context deploy
INFO : Deployment of web application directory D:\ideaProjects\FakerTomcat\webapps\ROOT has finished in 1 ms
07 15, 2021 00:02:36 ‰∏äÂçà cn.lovecamille.fakertomcat.catalina.Context deploy
INFO : Deploying web application directory /Users/wuyan/IdeaProjects/FakerTomcat/b
07 15, 2021 00:02:36 ‰∏äÂçà cn.lovecamille.fakertomcat.catalina.Context deploy
INFO : Deployment of web application directory /Users/wuyan/IdeaProjects/FakerTomcat/b has finished in 1 ms
07 15, 2021 00:02:36 ‰∏äÂçà cn.lovecamille.fakertomcat.catalina.Server logJVM
INFO : Server Version:		FakerTomcat/1.0.0
07 15, 2021 00:02:36 ‰∏äÂçà cn.lovecamille.fakertomcat.catalina.Server logJVM
INFO : Server built:		2021-06-27 17:10:47
07 15, 2021 00:02:36 ‰∏äÂçà cn.lovecamille.fakertomcat.catalina.Server logJVM
INFO : Server number:		1.0.0
07 15, 2021 00:02:36 ‰∏äÂçà cn.lovecamille.fakertomcat.catalina.Server logJVM
INFO : OS Name	:		Windows 10
07 15, 2021 00:02:36 ‰∏äÂçà cn.lovecamille.fakertomcat.catalina.Server logJVM
INFO : OS Version:		10.0
07 15, 2021 00:02:36 ‰∏äÂçà cn.lovecamille.fakertomcat.catalina.Server logJVM
INFO : Architecture:		amd64
07 15, 2021 00:02:36 ‰∏äÂçà cn.lovecamille.fakertomcat.catalina.Server logJVM
INFO : Java Home:		C:\Users\MSI-NB\.jdks\openjdk-16.0.1
07 15, 2021 00:02:36 ‰∏äÂçà cn.lovecamille.fakertomcat.catalina.Server logJVM
INFO : JVM Version:		16.0.1+9-24
07 15, 2021 00:02:36 ‰∏äÂçà cn.lovecamille.fakertomcat.catalina.Server logJVM
INFO : JVM Vendor:		Oracle Corporation
07 15, 2021 00:02:36 ‰∏äÂçà cn.lovecamille.fakertomcat.catalina.Connector init
INFO : Initializing ProtocolHandler [http-bio-18080]
07 15, 2021 00:02:36 ‰∏äÂçà cn.lovecamille.fakertomcat.catalina.Connector init
INFO : Initializing ProtocolHandler [http-bio-18081]
07 15, 2021 00:02:36 ‰∏äÂçà cn.lovecamille.fakertomcat.catalina.Connector init
INFO : Initializing ProtocolHandler [http-bio-18082]
07 15, 2021 00:02:36 ‰∏äÂçà cn.lovecamille.fakertomcat.catalina.Service init
INFO : Initialization processed in 1 ms
07 15, 2021 00:02:36 ‰∏äÂçà cn.lovecamille.fakertomcat.catalina.Connector start
INFO : Starting ProtocolHandler [http-bio-18080]
07 15, 2021 00:02:36 ‰∏äÂçà cn.lovecamille.fakertomcat.catalina.Connector start
INFO : Starting ProtocolHandler [http-bio-18081]
07 15, 2021 00:02:36 ‰∏äÂçà cn.lovecamille.fakertomcat.catalina.Connector start
INFO : Starting ProtocolHandler [http-bio-18082]
07 15, 2021 00:02:36 ‰∏äÂçà cn.lovecamille.fakertomcat.catalina.Server start
INFO : Server start in 13 ms
07 15, 2021 00:04:07 ‰∏äÂçà cn.lovecamille.fakertomcat.catalina.Context deploy
INFO : Deploying web application directory D:\ideaProjects\FakerTomcat\webapps\index
07 15, 2021 00:04:07 ‰∏äÂçà cn.lovecamille.fakertomcat.catalina.Context deploy
INFO : Deployment of web application directory D:\ideaProjects\FakerTomcat\webapps\index has finished in 109 ms
07 15, 2021 00:04:07 ‰∏äÂçà cn.lovecamille.fakertomcat.catalina.Context deploy
INFO : Deploying web application directory D:\ideaProjects\FakerTomcat\webapps\j2ee
07 15, 2021 00:04:07 ‰∏äÂçà cn.lovecamille.fakertomcat.catalina.Context deploy
INFO : Deployment of web application directory D:\ideaProjects\FakerTomcat\webapps\j2ee has finished in 4 ms
07 15, 2021 00:04:07 ‰∏äÂçà cn.lovecamille.fakertomcat.catalina.Context deploy
INFO : Deploying web application directory D:\ideaProjects\FakerTomcat\webapps\ROOT
07 15, 2021 00:04:07 ‰∏äÂçà cn.lovecamille.fakertomcat.catalina.Context deploy
INFO : Deployment of web application directory D:\ideaProjects\FakerTomcat\webapps\ROOT has finished in 0 ms
07 15, 2021 00:04:07 ‰∏äÂçà cn.lovecamille.fakertomcat.catalina.Context deploy
INFO : Deploying web application directory /Users/wuyan/IdeaProjects/FakerTomcat/b
07 15, 2021 00:04:07 ‰∏äÂçà cn.lovecamille.fakertomcat.catalina.Context deploy
INFO : Deployment of web application directory /Users/wuyan/IdeaProjects/FakerTomcat/b has finished in 0 ms
07 15, 2021 00:04:07 ‰∏äÂçà cn.lovecamille.fakertomcat.catalina.Server logJVM
INFO : Server Version:		FakerTomcat/1.0.0
07 15, 2021 00:04:07 ‰∏äÂçà cn.lovecamille.fakertomcat.catalina.Server logJVM
INFO : Server built:		2021-06-27 17:10:47
07 15, 2021 00:04:07 ‰∏äÂçà cn.lovecamille.fakertomcat.catalina.Server logJVM
INFO : Server number:		1.0.0
07 15, 2021 00:04:07 ‰∏äÂçà cn.lovecamille.fakertomcat.catalina.Server logJVM
INFO : OS Name	:		Windows 10
07 15, 2021 00:04:07 ‰∏äÂçà cn.lovecamille.fakertomcat.catalina.Server logJVM
INFO : OS Version:		10.0
07 15, 2021 00:04:07 ‰∏äÂçà cn.lovecamille.fakertomcat.catalina.Server logJVM
INFO : Architecture:		amd64
07 15, 2021 00:04:07 ‰∏äÂçà cn.lovecamille.fakertomcat.catalina.Server logJVM
INFO : Java Home:		C:\Users\MSI-NB\.jdks\openjdk-16.0.1
07 15, 2021 00:04:07 ‰∏äÂçà cn.lovecamille.fakertomcat.catalina.Server logJVM
INFO : JVM Version:		16.0.1+9-24
07 15, 2021 00:04:07 ‰∏äÂçà cn.lovecamille.fakertomcat.catalina.Server logJVM
INFO : JVM Vendor:		Oracle Corporation
07 15, 2021 00:04:07 ‰∏äÂçà cn.lovecamille.fakertomcat.catalina.Connector init
INFO : Initializing ProtocolHandler [http-bio-18080]
07 15, 2021 00:04:07 ‰∏äÂçà cn.lovecamille.fakertomcat.catalina.Connector init
INFO : Initializing ProtocolHandler [http-bio-18081]
07 15, 2021 00:04:07 ‰∏äÂçà cn.lovecamille.fakertomcat.catalina.Connector init
INFO : Initializing ProtocolHandler [http-bio-18082]
07 15, 2021 00:04:07 ‰∏äÂçà cn.lovecamille.fakertomcat.catalina.Service init
INFO : Initialization processed in 1 ms
07 15, 2021 00:04:07 ‰∏äÂçà cn.lovecamille.fakertomcat.catalina.Connector start
INFO : Starting ProtocolHandler [http-bio-18080]
07 15, 2021 00:04:07 ‰∏äÂçà cn.lovecamille.fakertomcat.catalina.Connector start
INFO : Starting ProtocolHandler [http-bio-18081]
07 15, 2021 00:04:07 ‰∏äÂçà cn.lovecamille.fakertomcat.catalina.Connector start
INFO : Starting ProtocolHandler [http-bio-18082]
07 15, 2021 00:04:07 ‰∏äÂçà cn.lovecamille.fakertomcat.catalina.Server start
INFO : Server start in 16 ms
07 15, 2021 00:06:27 ‰∏äÂçà cn.lovecamille.fakertomcat.catalina.Context deploy
INFO : Deploying web application directory D:\ideaProjects\FakerTomcat\webapps\index
07 15, 2021 00:06:27 ‰∏äÂçà cn.lovecamille.fakertomcat.catalina.Context deploy
INFO : Deployment of web application directory D:\ideaProjects\FakerTomcat\webapps\index has finished in 141 ms
07 15, 2021 00:06:27 ‰∏äÂçà cn.lovecamille.fakertomcat.catalina.Context deploy
INFO : Deploying web application directory D:\ideaProjects\FakerTomcat\webapps\j2ee
07 15, 2021 00:06:27 ‰∏äÂçà cn.lovecamille.fakertomcat.catalina.Context deploy
INFO : Deployment of web application directory D:\ideaProjects\FakerTomcat\webapps\j2ee has finished in 0 ms
07 15, 2021 00:06:27 ‰∏äÂçà cn.lovecamille.fakertomcat.catalina.Context deploy
INFO : Deploying web application directory D:\ideaProjects\FakerTomcat\webapps\ROOT
07 15, 2021 00:06:27 ‰∏äÂçà cn.lovecamille.fakertomcat.catalina.Context deploy
INFO : Deployment of web application directory D:\ideaProjects\FakerTomcat\webapps\ROOT has finished in 0 ms
07 15, 2021 00:06:27 ‰∏äÂçà cn.lovecamille.fakertomcat.catalina.Context deploy
INFO : Deploying web application directory /Users/wuyan/IdeaProjects/FakerTomcat/b
07 15, 2021 00:06:27 ‰∏äÂçà cn.lovecamille.fakertomcat.catalina.Context deploy
INFO : Deployment of web application directory /Users/wuyan/IdeaProjects/FakerTomcat/b has finished in 0 ms
07 15, 2021 00:06:27 ‰∏äÂçà cn.lovecamille.fakertomcat.catalina.Server logJVM
INFO : Server Version:		FakerTomcat/1.0.0
07 15, 2021 00:06:27 ‰∏äÂçà cn.lovecamille.fakertomcat.catalina.Server logJVM
INFO : Server built:		2021-06-27 17:10:47
07 15, 2021 00:06:27 ‰∏äÂçà cn.lovecamille.fakertomcat.catalina.Server logJVM
INFO : Server number:		1.0.0
07 15, 2021 00:06:27 ‰∏äÂçà cn.lovecamille.fakertomcat.catalina.Server logJVM
INFO : OS Name	:		Windows 10
07 15, 2021 00:06:27 ‰∏äÂçà cn.lovecamille.fakertomcat.catalina.Server logJVM
INFO : OS Version:		10.0
07 15, 2021 00:06:27 ‰∏äÂçà cn.lovecamille.fakertomcat.catalina.Server logJVM
INFO : Architecture:		amd64
07 15, 2021 00:06:27 ‰∏äÂçà cn.lovecamille.fakertomcat.catalina.Server logJVM
INFO : Java Home:		C:\Users\MSI-NB\.jdks\openjdk-16.0.1
07 15, 2021 00:06:27 ‰∏äÂçà cn.lovecamille.fakertomcat.catalina.Server logJVM
INFO : JVM Version:		16.0.1+9-24
07 15, 2021 00:06:27 ‰∏äÂçà cn.lovecamille.fakertomcat.catalina.Server logJVM
INFO : JVM Vendor:		Oracle Corporation
07 15, 2021 00:06:27 ‰∏äÂçà cn.lovecamille.fakertomcat.catalina.Connector init
INFO : Initializing ProtocolHandler [http-bio-18080]
07 15, 2021 00:06:27 ‰∏äÂçà cn.lovecamille.fakertomcat.catalina.Connector init
INFO : Initializing ProtocolHandler [http-bio-18081]
07 15, 2021 00:06:27 ‰∏äÂçà cn.lovecamille.fakertomcat.catalina.Connector init
INFO : Initializing ProtocolHandler [http-bio-18082]
07 15, 2021 00:06:27 ‰∏äÂçà cn.lovecamille.fakertomcat.catalina.Service init
INFO : Initialization processed in 0 ms
07 15, 2021 00:06:27 ‰∏äÂçà cn.lovecamille.fakertomcat.catalina.Connector start
INFO : Starting ProtocolHandler [http-bio-18080]
07 15, 2021 00:06:27 ‰∏äÂçà cn.lovecamille.fakertomcat.catalina.Connector start
INFO : Starting ProtocolHandler [http-bio-18081]
07 15, 2021 00:06:27 ‰∏äÂçà cn.lovecamille.fakertomcat.catalina.Connector start
INFO : Starting ProtocolHandler [http-bio-18082]
07 15, 2021 00:06:27 ‰∏äÂçà cn.lovecamille.fakertomcat.catalina.Server start
INFO : Server start in 14 ms
07 15, 2021 22:46:15 œ¬ŒÁ cn.lovecamille.fakertomcat.catalina.Context deploy
INFO : Deploying web application directory D:\ideaProjects\FakerTomcat\webapps\index
07 15, 2021 22:46:15 œ¬ŒÁ cn.lovecamille.fakertomcat.catalina.Context deploy
INFO : Deployment of web application directory D:\ideaProjects\FakerTomcat\webapps\index has finished in 159 ms
07 15, 2021 22:46:15 œ¬ŒÁ cn.lovecamille.fakertomcat.catalina.Context deploy
INFO : Deploying web application directory D:\ideaProjects\FakerTomcat\webapps\j2ee
07 15, 2021 22:46:15 œ¬ŒÁ cn.lovecamille.fakertomcat.catalina.Context deploy
INFO : Deployment of web application directory D:\ideaProjects\FakerTomcat\webapps\j2ee has finished in 4 ms
07 15, 2021 22:46:15 œ¬ŒÁ cn.lovecamille.fakertomcat.catalina.Context deploy
INFO : Deploying web application directory D:\ideaProjects\FakerTomcat\webapps\ROOT
07 15, 2021 22:46:15 œ¬ŒÁ cn.lovecamille.fakertomcat.catalina.Context deploy
INFO : Deployment of web application directory D:\ideaProjects\FakerTomcat\webapps\ROOT has finished in 1 ms
07 15, 2021 22:46:15 œ¬ŒÁ cn.lovecamille.fakertomcat.catalina.Context deploy
INFO : Deploying web application directory /Users/wuyan/IdeaProjects/FakerTomcat/b
07 15, 2021 22:46:15 œ¬ŒÁ cn.lovecamille.fakertomcat.catalina.Context deploy
INFO : Deployment of web application directory /Users/wuyan/IdeaProjects/FakerTomcat/b has finished in 0 ms
07 15, 2021 22:46:15 œ¬ŒÁ cn.lovecamille.fakertomcat.catalina.Server logJVM
INFO : Server Version:		FakerTomcat/1.0.0
07 15, 2021 22:46:15 œ¬ŒÁ cn.lovecamille.fakertomcat.catalina.Server logJVM
INFO : Server built:		2021-06-27 17:10:47
07 15, 2021 22:46:15 œ¬ŒÁ cn.lovecamille.fakertomcat.catalina.Server logJVM
INFO : Server number:		1.0.0
07 15, 2021 22:46:15 œ¬ŒÁ cn.lovecamille.fakertomcat.catalina.Server logJVM
INFO : OS Name	:		Windows 10
07 15, 2021 22:46:15 œ¬ŒÁ cn.lovecamille.fakertomcat.catalina.Server logJVM
INFO : OS Version:		10.0
07 15, 2021 22:46:15 œ¬ŒÁ cn.lovecamille.fakertomcat.catalina.Server logJVM
INFO : Architecture:		amd64
07 15, 2021 22:46:15 œ¬ŒÁ cn.lovecamille.fakertomcat.catalina.Server logJVM
INFO : Java Home:		C:\Users\MSI-NB\.jdks\openjdk-16.0.1
07 15, 2021 22:46:15 œ¬ŒÁ cn.lovecamille.fakertomcat.catalina.Server logJVM
INFO : JVM Version:		16.0.1+9-24
07 15, 2021 22:46:15 œ¬ŒÁ cn.lovecamille.fakertomcat.catalina.Server logJVM
INFO : JVM Vendor:		Oracle Corporation
07 15, 2021 22:46:15 œ¬ŒÁ cn.lovecamille.fakertomcat.catalina.Connector init
INFO : Initializing ProtocolHandler [http-bio-18080]
07 15, 2021 22:46:15 œ¬ŒÁ cn.lovecamille.fakertomcat.catalina.Connector init
INFO : Initializing ProtocolHandler [http-bio-18081]
07 15, 2021 22:46:15 œ¬ŒÁ cn.lovecamille.fakertomcat.catalina.Connector init
INFO : Initializing ProtocolHandler [http-bio-18082]
07 15, 2021 22:46:15 œ¬ŒÁ cn.lovecamille.fakertomcat.catalina.Service init
INFO : Initialization processed in 2 ms
07 15, 2021 22:46:15 œ¬ŒÁ cn.lovecamille.fakertomcat.catalina.Connector start
INFO : Starting ProtocolHandler [http-bio-18080]
07 15, 2021 22:46:15 œ¬ŒÁ cn.lovecamille.fakertomcat.catalina.Connector start
INFO : Starting ProtocolHandler [http-bio-18081]
07 15, 2021 22:46:15 œ¬ŒÁ cn.lovecamille.fakertomcat.catalina.Connector start
INFO : Starting ProtocolHandler [http-bio-18082]
07 15, 2021 22:46:15 œ¬ŒÁ cn.lovecamille.fakertomcat.catalina.Server start
INFO : Server start in 25 ms
