07 16, 2021 00:15:12 上午 cn.lovecamille.fakertomcat.catalina.Context <init>
INFO : Deploying web application directory D:\ideaProjects\FakerTomcat\webapps\index
07 16, 2021 00:15:12 上午 cn.lovecamille.fakertomcat.catalina.Context deploy
INFO : Deployment of web application directory D:\ideaProjects\FakerTomcat\webapps\index has finished in 0 ms
07 16, 2021 00:15:12 上午 cn.lovecamille.fakertomcat.catalina.Context <init>
INFO : Deploying web application directory D:\ideaProjects\FakerTomcat\webapps\index has finished in 229 ms
07 16, 2021 00:15:12 上午 cn.lovecamille.fakertomcat.catalina.Context <init>
INFO : Deploying web application directory D:\ideaProjects\FakerTomcat\webapps\j2ee
07 16, 2021 00:15:12 上午 cn.lovecamille.fakertomcat.catalina.Context deploy
INFO : Deployment of web application directory D:\ideaProjects\FakerTomcat\webapps\j2ee has finished in 4 ms
07 16, 2021 00:15:12 上午 cn.lovecamille.fakertomcat.catalina.Context <init>
INFO : Deploying web application directory D:\ideaProjects\FakerTomcat\webapps\j2ee has finished in 7 ms
07 16, 2021 00:15:12 上午 cn.lovecamille.fakertomcat.catalina.Context <init>
INFO : Deploying web application directory D:\ideaProjects\FakerTomcat\webapps\ROOT
07 16, 2021 00:15:12 上午 cn.lovecamille.fakertomcat.catalina.Context deploy
INFO : Deployment of web application directory D:\ideaProjects\FakerTomcat\webapps\ROOT has finished in 0 ms
07 16, 2021 00:15:12 上午 cn.lovecamille.fakertomcat.catalina.Context <init>
INFO : Deploying web application directory D:\ideaProjects\FakerTomcat\webapps\ROOT has finished in 3 ms
07 16, 2021 00:15:12 上午 cn.lovecamille.fakertomcat.catalina.Context <init>
INFO : Deploying web application directory /Users/wuyan/IdeaProjects/FakerTomcat/b
07 16, 2021 00:15:12 上午 cn.lovecamille.fakertomcat.catalina.Context deploy
INFO : Deployment of web application directory /Users/wuyan/IdeaProjects/FakerTomcat/b has finished in 1 ms
07 16, 2021 00:15:12 上午 cn.lovecamille.fakertomcat.catalina.Context <init>
INFO : Deploying web application directory /Users/wuyan/IdeaProjects/FakerTomcat/b has finished in 2 ms
07 16, 2021 00:15:12 上午 cn.lovecamille.fakertomcat.catalina.Context <init>
INFO : Deploying web application directory /Users/wuyan/IdeaProjects/FakerTomcat/JavaWeb/web
07 16, 2021 00:15:12 上午 cn.lovecamille.fakertomcat.catalina.Context deploy
INFO : Deployment of web application directory /Users/wuyan/IdeaProjects/FakerTomcat/JavaWeb/web has finished in 0 ms
07 16, 2021 00:15:12 上午 cn.lovecamille.fakertomcat.catalina.Context <init>
INFO : Deploying web application directory /Users/wuyan/IdeaProjects/FakerTomcat/JavaWeb/web has finished in 2 ms
07 16, 2021 00:15:12 上午 cn.lovecamille.fakertomcat.catalina.Server logJVM
INFO : Server Version:		FakerTomcat/1.0.0
07 16, 2021 00:15:12 上午 cn.lovecamille.fakertomcat.catalina.Server logJVM
INFO : Server built:		2021-06-27 17:10:47
07 16, 2021 00:15:12 上午 cn.lovecamille.fakertomcat.catalina.Server logJVM
INFO : Server number:		1.0.0
07 16, 2021 00:15:12 上午 cn.lovecamille.fakertomcat.catalina.Server logJVM
INFO : OS Name	:		Windows 10
07 16, 2021 00:15:12 上午 cn.lovecamille.fakertomcat.catalina.Server logJVM
INFO : OS Version:		10.0
07 16, 2021 00:15:12 上午 cn.lovecamille.fakertomcat.catalina.Server logJVM
INFO : Architecture:		amd64
07 16, 2021 00:15:12 上午 cn.lovecamille.fakertomcat.catalina.Server logJVM
INFO : Java Home:		C:\Users\MSI-NB\.jdks\openjdk-16.0.1
07 16, 2021 00:15:12 上午 cn.lovecamille.fakertomcat.catalina.Server logJVM
INFO : JVM Version:		16.0.1+9-24
07 16, 2021 00:15:12 上午 cn.lovecamille.fakertomcat.catalina.Server logJVM
INFO : JVM Vendor:		Oracle Corporation
07 16, 2021 00:15:12 上午 cn.lovecamille.fakertomcat.catalina.Connector init
INFO : Initializing ProtocolHandler [http-bio-18080]
07 16, 2021 00:15:12 上午 cn.lovecamille.fakertomcat.catalina.Connector init
INFO : Initializing ProtocolHandler [http-bio-18081]
07 16, 2021 00:15:12 上午 cn.lovecamille.fakertomcat.catalina.Connector init
INFO : Initializing ProtocolHandler [http-bio-18082]
07 16, 2021 00:15:12 上午 cn.lovecamille.fakertomcat.catalina.Service init
INFO : Initialization processed in 1 ms
07 16, 2021 00:15:12 上午 cn.lovecamille.fakertomcat.catalina.Connector start
INFO : Starting ProtocolHandler [http-bio-18080]
07 16, 2021 00:15:12 上午 cn.lovecamille.fakertomcat.catalina.Connector start
INFO : Starting ProtocolHandler [http-bio-18081]
07 16, 2021 00:15:12 上午 cn.lovecamille.fakertomcat.catalina.Connector start
INFO : Starting ProtocolHandler [http-bio-18082]
07 16, 2021 00:15:12 上午 cn.lovecamille.fakertomcat.catalina.Server start
INFO : Server start in 15 ms
07 16, 2021 00:16:29 上午 cn.lovecamille.fakertomcat.catalina.Context <init>
INFO : Deploying web application directory D:\ideaProjects\FakerTomcat\webapps\index
07 16, 2021 00:16:29 上午 cn.lovecamille.fakertomcat.catalina.Context deploy
INFO : Deployment of web application directory D:\ideaProjects\FakerTomcat\webapps\index has finished in 0 ms
07 16, 2021 00:16:29 上午 cn.lovecamille.fakertomcat.catalina.Context <init>
INFO : Deploying web application directory D:\ideaProjects\FakerTomcat\webapps\index has finished in 227 ms
07 16, 2021 00:16:29 上午 cn.lovecamille.fakertomcat.catalina.Context <init>
INFO : Deploying web application directory D:\ideaProjects\FakerTomcat\webapps\j2ee
07 16, 2021 00:16:29 上午 cn.lovecamille.fakertomcat.catalina.Context deploy
INFO : Deployment of web application directory D:\ideaProjects\FakerTomcat\webapps\j2ee has finished in 6 ms
07 16, 2021 00:16:29 上午 cn.lovecamille.fakertomcat.catalina.Context <init>
INFO : Deploying web application directory D:\ideaProjects\FakerTomcat\webapps\j2ee has finished in 8 ms
07 16, 2021 00:16:29 上午 cn.lovecamille.fakertomcat.catalina.Context <init>
INFO : Deploying web application directory D:\ideaProjects\FakerTomcat\webapps\ROOT
07 16, 2021 00:16:29 上午 cn.lovecamille.fakertomcat.catalina.Context deploy
INFO : Deployment of web application directory D:\ideaProjects\FakerTomcat\webapps\ROOT has finished in 0 ms
07 16, 2021 00:16:29 上午 cn.lovecamille.fakertomcat.catalina.Context <init>
INFO : Deploying web application directory D:\ideaProjects\FakerTomcat\webapps\ROOT has finished in 2 ms
07 16, 2021 00:16:29 上午 cn.lovecamille.fakertomcat.catalina.Context <init>
INFO : Deploying web application directory /Users/wuyan/IdeaProjects/FakerTomcat/b
07 16, 2021 00:16:29 上午 cn.lovecamille.fakertomcat.catalina.Context deploy
INFO : Deployment of web application directory /Users/wuyan/IdeaProjects/FakerTomcat/b has finished in 0 ms
07 16, 2021 00:16:29 上午 cn.lovecamille.fakertomcat.catalina.Context <init>
INFO : Deploying web application directory /Users/wuyan/IdeaProjects/FakerTomcat/b has finished in 2 ms
07 16, 2021 00:16:29 上午 cn.lovecamille.fakertomcat.catalina.Context <init>
INFO : Deploying web application directory /Users/wuyan/IdeaProjects/FakerTomcat/JavaWeb/web
07 16, 2021 00:16:29 上午 cn.lovecamille.fakertomcat.catalina.Context deploy
INFO : Deployment of web application directory /Users/wuyan/IdeaProjects/FakerTomcat/JavaWeb/web has finished in 0 ms
07 16, 2021 00:16:29 上午 cn.lovecamille.fakertomcat.catalina.Context <init>
INFO : Deploying web application directory /Users/wuyan/IdeaProjects/FakerTomcat/JavaWeb/web has finished in 1 ms
07 16, 2021 00:16:29 上午 cn.lovecamille.fakertomcat.catalina.Server logJVM
INFO : Server Version:		FakerTomcat/1.0.0
07 16, 2021 00:16:29 上午 cn.lovecamille.fakertomcat.catalina.Server logJVM
INFO : Server built:		2021-06-27 17:10:47
07 16, 2021 00:16:29 上午 cn.lovecamille.fakertomcat.catalina.Server logJVM
INFO : Server number:		1.0.0
07 16, 2021 00:16:29 上午 cn.lovecamille.fakertomcat.catalina.Server logJVM
INFO : OS Name	:		Windows 10
07 16, 2021 00:16:29 上午 cn.lovecamille.fakertomcat.catalina.Server logJVM
INFO : OS Version:		10.0
07 16, 2021 00:16:29 上午 cn.lovecamille.fakertomcat.catalina.Server logJVM
INFO : Architecture:		amd64
07 16, 2021 00:16:29 上午 cn.lovecamille.fakertomcat.catalina.Server logJVM
INFO : Java Home:		C:\Users\MSI-NB\.jdks\openjdk-16.0.1
07 16, 2021 00:16:29 上午 cn.lovecamille.fakertomcat.catalina.Server logJVM
INFO : JVM Version:		16.0.1+9-24
07 16, 2021 00:16:29 上午 cn.lovecamille.fakertomcat.catalina.Server logJVM
INFO : JVM Vendor:		Oracle Corporation
07 16, 2021 00:16:29 上午 cn.lovecamille.fakertomcat.catalina.Connector init
INFO : Initializing ProtocolHandler [http-bio-18080]
07 16, 2021 00:16:29 上午 cn.lovecamille.fakertomcat.catalina.Connector init
INFO : Initializing ProtocolHandler [http-bio-18081]
07 16, 2021 00:16:29 上午 cn.lovecamille.fakertomcat.catalina.Connector init
INFO : Initializing ProtocolHandler [http-bio-18082]
07 16, 2021 00:16:29 上午 cn.lovecamille.fakertomcat.catalina.Service init
INFO : Initialization processed in 1 ms
07 16, 2021 00:16:29 上午 cn.lovecamille.fakertomcat.catalina.Connector start
INFO : Starting ProtocolHandler [http-bio-18080]
07 16, 2021 00:16:29 上午 cn.lovecamille.fakertomcat.catalina.Connector start
INFO : Starting ProtocolHandler [http-bio-18081]
07 16, 2021 00:16:29 上午 cn.lovecamille.fakertomcat.catalina.Connector start
INFO : Starting ProtocolHandler [http-bio-18082]
07 16, 2021 00:16:29 上午 cn.lovecamille.fakertomcat.catalina.Server start
INFO : Server start in 13 ms
